<?xml version="1.0" encoding="UTF-8"?>
<testng-results skipped="0" failed="1" ignored="0" total="2" passed="1">
  <reporter-output>
  </reporter-output>
  <suite name="Suite" duration-ms="19005" started-at="2021-03-25T20:08:26 IST" finished-at="2021-03-25T20:08:45 IST">
    <groups>
    </groups>
    <test name="Test" duration-ms="19005" started-at="2021-03-25T20:08:26 IST" finished-at="2021-03-25T20:08:45 IST">
      <class name="com.htc.madison.tests.RegistrationTest">
        <test-method status="PASS" signature="start(java.lang.String)[pri:0, instance:com.htc.madison.tests.RegistrationTest@7181ae3f]" name="start" is-config="true" duration-ms="7771" started-at="2021-03-25T20:08:18 IST" finished-at="2021-03-25T20:08:26 IST">
          <params>
            <param index="0">
              <value>
                <![CDATA[chrome]]>
              </value>
            </param>
          </params>
          <reporter-output>
          </reporter-output>
        </test-method> <!-- start -->
        <test-method status="PASS" signature="browserSetup()[pri:0, instance:com.htc.madison.tests.RegistrationTest@7181ae3f]" name="browserSetup" is-config="true" duration-ms="295" started-at="2021-03-25T20:08:26 IST" finished-at="2021-03-25T20:08:26 IST">
          <reporter-output>
          </reporter-output>
        </test-method> <!-- browserSetup -->
        <test-method status="FAIL" signature="Valid_And_Invalid_Registration(java.util.Map)[pri:0, instance:com.htc.madison.tests.RegistrationTest@7181ae3f]" name="Valid_And_Invalid_Registration" duration-ms="5420" started-at="2021-03-25T20:08:28 IST" data-provider="Madison" finished-at="2021-03-25T20:08:33 IST">
          <params>
            <param index="0">
              <value>
                <![CDATA[{firstname=prashant, password=qwerty@123, assert=MY DASHBOARD, middlename=shivaji, emailid=anonymousghost1996@gmail.com, confirmpassword=qwerty@123, lastname=more}]]>
              </value>
            </param>
          </params>
          <exception class="java.lang.AssertionError">
            <message>
              <![CDATA[expected [MY DASHBOARD] but found [CREATE AN ACCOUNT]]]>
            </message>
            <full-stacktrace>
              <![CDATA[java.lang.AssertionError: expected [MY DASHBOARD] but found [CREATE AN ACCOUNT]
at org.testng.Assert.fail(Assert.java:99)
at org.testng.Assert.failNotEquals(Assert.java:1037)
at org.testng.Assert.assertEqualsImpl(Assert.java:140)
at org.testng.Assert.assertEquals(Assert.java:122)
at org.testng.Assert.assertEquals(Assert.java:629)
at org.testng.Assert.assertEquals(Assert.java:639)
at com.htc.madison.tests.RegistrationTest.Valid_And_Invalid_Registration(RegistrationTest.java:24)
at sun.reflect.NativeMethodAccessorImpl.invoke0(Native Method)
at sun.reflect.NativeMethodAccessorImpl.invoke(NativeMethodAccessorImpl.java:62)
at sun.reflect.DelegatingMethodAccessorImpl.invoke(DelegatingMethodAccessorImpl.java:43)
at java.lang.reflect.Method.invoke(Method.java:498)
at org.testng.internal.MethodInvocationHelper.invokeMethod(MethodInvocationHelper.java:132)
at org.testng.internal.TestInvoker.invokeMethod(TestInvoker.java:599)
at org.testng.internal.TestInvoker.invokeTestMethod(TestInvoker.java:174)
at org.testng.internal.MethodRunner.runInSequence(MethodRunner.java:46)
at org.testng.internal.TestInvoker$MethodInvocationAgent.invoke(TestInvoker.java:822)
at org.testng.internal.TestInvoker.invokeTestMethods(TestInvoker.java:147)
at org.testng.internal.TestMethodWorker.invokeTestMethods(TestMethodWorker.java:146)
at org.testng.internal.TestMethodWorker.run(TestMethodWorker.java:128)
at java.util.ArrayList.forEach(ArrayList.java:1259)
at org.testng.TestRunner.privateRun(TestRunner.java:764)
at org.testng.TestRunner.run(TestRunner.java:585)
at org.testng.SuiteRunner.runTest(SuiteRunner.java:384)
at org.testng.SuiteRunner.runSequentially(SuiteRunner.java:378)
at org.testng.SuiteRunner.privateRun(SuiteRunner.java:337)
at org.testng.SuiteRunner.run(SuiteRunner.java:286)
at org.testng.SuiteRunnerWorker.runSuite(SuiteRunnerWorker.java:53)
at org.testng.SuiteRunnerWorker.run(SuiteRunnerWorker.java:96)
at org.testng.TestNG.runSuitesSequentially(TestNG.java:1218)
at org.testng.TestNG.runSuitesLocally(TestNG.java:1140)
at org.testng.TestNG.runSuites(TestNG.java:1069)
at org.testng.TestNG.run(TestNG.java:1037)
at org.testng.remote.AbstractRemoteTestNG.run(AbstractRemoteTestNG.java:115)
at org.testng.remote.RemoteTestNG.initAndRun(RemoteTestNG.java:251)
at org.testng.remote.RemoteTestNG.main(RemoteTestNG.java:77)
]]>
            </full-stacktrace>
          </exception> <!-- java.lang.AssertionError -->
          <reporter-output>
          </reporter-output>
        </test-method> <!-- Valid_And_Invalid_Registration -->
        <test-method status="PASS" signature="doLogout(org.testng.ITestResult)[pri:0, instance:com.htc.madison.tests.RegistrationTest@7181ae3f]" name="doLogout" is-config="true" duration-ms="3" started-at="2021-03-25T20:08:37 IST" finished-at="2021-03-25T20:08:37 IST">
          <params>
            <param index="0">
              <value>
                <![CDATA[[TestResult name=Valid_And_Invalid_Registration status=FAILURE method=RegistrationTest.Valid_And_Invalid_Registration(java.util.Map)[pri:0, instance:com.htc.madison.tests.RegistrationTest@7181ae3f] output={null}]]]>
              </value>
            </param>
          </params>
          <reporter-output>
          </reporter-output>
        </test-method> <!-- doLogout -->
        <test-method status="PASS" signature="Valid_And_Invalid_Registration(java.util.Map)[pri:0, instance:com.htc.madison.tests.RegistrationTest@7181ae3f]" name="Valid_And_Invalid_Registration" duration-ms="3474" started-at="2021-03-25T20:08:37 IST" data-provider="Madison" finished-at="2021-03-25T20:08:40 IST">
          <params>
            <param index="0">
              <value>
                <![CDATA[{firstname=prashant, password=qwerty@123, assert=MY DASHBOARD, middlename=shivaji, emailid=anonymousghost012@gmail.com, confirmpassword=qwerty@123, lastname=more}]]>
              </value>
            </param>
          </params>
          <reporter-output>
          </reporter-output>
        </test-method> <!-- Valid_And_Invalid_Registration -->
        <test-method status="PASS" signature="doLogout(org.testng.ITestResult)[pri:0, instance:com.htc.madison.tests.RegistrationTest@7181ae3f]" name="doLogout" is-config="true" duration-ms="1032" started-at="2021-03-25T20:08:44 IST" finished-at="2021-03-25T20:08:45 IST">
          <params>
            <param index="0">
              <value>
                <![CDATA[[TestResult name=Valid_And_Invalid_Registration status=SUCCESS method=RegistrationTest.Valid_And_Invalid_Registration(java.util.Map)[pri:0, instance:com.htc.madison.tests.RegistrationTest@7181ae3f] output={null}]]]>
              </value>
            </param>
          </params>
          <reporter-output>
          </reporter-output>
        </test-method> <!-- doLogout -->
      </class> <!-- com.htc.madison.tests.RegistrationTest -->
    </test> <!-- Test -->
  </suite> <!-- Suite -->
</testng-results>
